Running: C:\Xilinx\14.7\ISE_DS\ISE\bin\nt64\unwrapped\fuse.exe -intstyle ise -incremental -lib secureip -o C:/Users/David/Documents/LabsFPGADigital/LabFPGA2/LOGIC/LOGIC_tb_isim_beh.exe -prj C:/Users/David/Documents/LabsFPGADigital/LabFPGA2/LOGIC/LOGIC_tb_beh.prj work.LOGIC_tb 
ISim P.20131013 (signature 0x7708f090)
Number of CPUs detected in this system: 8
Turning on mult-threading, number of parallel sub-compilation jobs: 16 
Determining compilation order of HDL files
Parsing VHDL file "C:/Users/David/Documents/LabsFPGADigital/LabFPGA2/LOGIC/ANDOR.vhd" into library work
Parsing VHDL file "C:/Users/David/Documents/LabsFPGADigital/LabFPGA2/LOGIC/LOGIC.vhd" into library work
Parsing VHDL file "C:/Users/David/Documents/LabsFPGADigital/LabFPGA2/LOGIC/LOGIC_tb.vhd" into library work
Starting static elaboration
Completed static elaboration
Compiling package standard
Compiling package std_logic_1164
Compiling architecture behavioral of entity ANDOR [andor_default]
Compiling architecture behavioral of entity LOGIC [logic_default]
Compiling architecture behavior of entity logic_tb
Time Resolution for simulation is 1ps.
Waiting for 1 sub-compilation(s) to finish...
Compiled 7 VHDL Units
Built simulation executable C:/Users/David/Documents/LabsFPGADigital/LabFPGA2/LOGIC/LOGIC_tb_isim_beh.exe
Fuse Memory Usage: 31812 KB
Fuse CPU Usage: 1030 ms
