Command line:
   LOGIC_tb_isim_beh.exe
     -simmode  gui
     -simrunnum  0
     -socket  60724

Wed Apr 26 15:34:03 2023


 Elaboration Time: 0.078125 sec

 Current Memory Usage: 5151.99 Meg

 Total Signals          : 23
 Total Nets             : 8
 Total Signal Drivers   : 8
 Total Blocks           : 5
 Total Primitive Blocks : 3
 Total Processes        : 4
 Total Traceable Variables  : 8
 Total Scalar Nets and Variables : 368
Total Line Count : 29

 Total Simulation Time: 0.09375 sec

 Current Memory Usage: 4680.13 Meg

Wed Apr 26 15:43:31 2023

