ISim log file
Running: C:\Users\David\Documents\LabsFPGADigital\LabFPGA5\Mux-Top\Mux_Top_tb_isim_beh.exe -intstyle ise -gui -tclbatch isim.cmd -wdb C:/Users/David/Documents/LabsFPGADigital/LabFPGA5/Mux-Top/Mux_Top_tb_isim_beh.wdb 
ISim P.20131013 (signature 0x7708f090)
WARNING: A WEBPACK license was found.
WARNING: Please use Xilinx License Configuration Manager to check out a full ISim license.
WARNING: ISim will run in Lite mode. Please refer to the ISim documentation for more information on the differences between the Lite and the Full version.
This is a Lite version of ISim.
Time resolution is 1 ps
# onerror resume
# wave add /
# run 1000 ns
Simulator is doing circuit initialization process.
at 0 ps: Error: Division by Zero Exception
at 0 ps, Instance /mux_top_tb/uut/U6/ : Warning: There is an 'U'|'X'|'W'|'Z'|'-' in an arithmetic operand, the result will be 'X'(es).
at 0 ps, Instance /mux_top_tb/uut/U7/ : Warning: CONV_INTEGER: There is an 'U'|'X'|'W'|'Z'|'-' in an arithmetic operand, and it has been converted to 0.
Finished circuit initialization process.
at 0 ps, Instance /mux_top_tb/uut/U7/ : Warning: CONV_INTEGER: There is an 'U'|'X'|'W'|'Z'|'-' in an arithmetic operand, and it has been converted to 0.
at 0 ps, Instance /mux_top_tb/uut/U7/ : Warning: CONV_INTEGER: There is an 'U'|'X'|'W'|'Z'|'-' in an arithmetic operand, and it has been converted to 0.
at 10 ns(3), Instance /mux_top_tb/uut/U7/ : Warning: CONV_INTEGER: There is an 'U'|'X'|'W'|'Z'|'-' in an arithmetic operand, and it has been converted to 0.
at 10 ns(3), Instance /mux_top_tb/uut/U7/ : Warning: CONV_INTEGER: There is an 'U'|'X'|'W'|'Z'|'-' in an arithmetic operand, and it has been converted to 0.
# restart
# run all
Simulator is doing circuit initialization process.
at 0 ps: Error: Division by Zero Exception
at 0 ps, Instance /mux_top_tb/uut/U7/ : Warning: CONV_INTEGER: There is an 'U'|'X'|'W'|'Z'|'-' in an arithmetic operand, and it has been converted to 0.
Finished circuit initialization process.
at 0 ps, Instance /mux_top_tb/uut/U7/ : Warning: CONV_INTEGER: There is an 'U'|'X'|'W'|'Z'|'-' in an arithmetic operand, and it has been converted to 0.
at 0 ps, Instance /mux_top_tb/uut/U7/ : Warning: CONV_INTEGER: There is an 'U'|'X'|'W'|'Z'|'-' in an arithmetic operand, and it has been converted to 0.
at 10 ns(3), Instance /mux_top_tb/uut/U7/ : Warning: CONV_INTEGER: There is an 'U'|'X'|'W'|'Z'|'-' in an arithmetic operand, and it has been converted to 0.
at 10 ns(3), Instance /mux_top_tb/uut/U7/ : Warning: CONV_INTEGER: There is an 'U'|'X'|'W'|'Z'|'-' in an arithmetic operand, and it has been converted to 0.
Stopped at time : 105536500 ns : File "C:/Users/David/Documents/LabsFPGADigital/LabFPGA5/Mux-Top/Mux_Top_tb.vhd" Line 97
