Running: C:\Xilinx\14.7\ISE_DS\ISE\bin\nt64\unwrapped\fuse.exe -intstyle ise -incremental -o E:/Desktop/Labs digital 1/Mux_Top/Mux_Top_tb_isim_beh.exe -prj E:/Desktop/Labs digital 1/Mux_Top/Mux_Top_tb_beh.prj work.Mux_Top_tb 
ISim P.20131013 (signature 0x7708f090)
Number of CPUs detected in this system: 4
Turning on mult-threading, number of parallel sub-compilation jobs: 8 
Determining compilation order of HDL files
Parsing VHDL file "E:/Desktop/Labs digital 1/Mux_Top/Adder1b.vhd" into library work
Parsing VHDL file "E:/Desktop/Labs digital 1/Mux_Top/X7Seg.vhd" into library work
Parsing VHDL file "E:/Desktop/Labs digital 1/Mux_Top/Sub4Logic.vhd" into library work
Parsing VHDL file "E:/Desktop/Labs digital 1/Mux_Top/MuxN.vhd" into library work
Parsing VHDL file "E:/Desktop/Labs digital 1/Mux_Top/BIN2BCD.vhd" into library work
Parsing VHDL file "E:/Desktop/Labs digital 1/Mux_Top/Adder4bLogic.vhd" into library work
Parsing VHDL file "E:/Desktop/Labs digital 1/Mux_Top/Mux_Top.vhd" into library work
Parsing VHDL file "E:/Desktop/Labs digital 1/Mux_Top/Mux_Top_tb.vhd" into library work
Starting static elaboration
Completed static elaboration
Compiling package standard
Compiling package std_logic_1164
Compiling package std_logic_arith
Compiling package std_logic_unsigned
Compiling package numeric_std
Compiling architecture behavioral of entity Adder1b [adder1b_default]
Compiling architecture behavioral of entity Adder4bLogic [adder4blogic_default]
Compiling architecture behavioral of entity Sub4bLogic [sub4blogic_default]
Compiling architecture behavioral of entity MuxN [\MuxN(8,2)\]
Compiling architecture behavioral of entity BIN2BCD [bin2bcd_default]
Compiling architecture behavioral of entity X7Seg [x7seg_default]
Compiling architecture behavioral of entity Mux_Top [mux_top_default]
Compiling architecture behavior of entity mux_top_tb
Time Resolution for simulation is 1ps.
Waiting for 5 sub-compilation(s) to finish...
Compiled 20 VHDL Units
Built simulation executable E:/Desktop/Labs digital 1/Mux_Top/Mux_Top_tb_isim_beh.exe
Fuse Memory Usage: 37836 KB
Fuse CPU Usage: 889 ms
