Running: C:\Xilinx\14.7\ISE_DS\ISE\bin\nt64\unwrapped\fuse.exe -intstyle ise -incremental -o E:/Nueva carpeta/Adder4bLogic/Adder4bLogig_tb_isim_beh.exe -prj E:/Nueva carpeta/Adder4bLogic/Adder4bLogig_tb_beh.prj work.Adder4bLogig_tb 
ISim P.20131013 (signature 0x7708f090)
Number of CPUs detected in this system: 12
Turning on mult-threading, number of parallel sub-compilation jobs: 24 
Determining compilation order of HDL files
Parsing VHDL file "E:/Nueva carpeta/Adder4bLogic/Adder1b.vhd" into library work
Parsing VHDL file "E:/Nueva carpeta/Adder4bLogic/Adder4bLogic.vhd" into library work
Parsing VHDL file "E:/Nueva carpeta/Adder4bLogic/Adder4bLogig_tb.vhd" into library work
Starting static elaboration
Completed static elaboration
Compiling package standard
Compiling package std_logic_1164
Compiling architecture behavioral of entity Adder1b [adder1b_default]
Compiling architecture behavioral of entity Adder4bLogic [adder4blogic_default]
Compiling architecture behavior of entity adder4blogig_tb
Time Resolution for simulation is 1ps.
WARNING:Simulator - Unable to copy libPortabilityNOSH.dll to the simulation executable directory: boost::filesystem::copy_file: El sistema no puede encontrar la ruta especificada, "isim\Adder4bLogig_tb_isim_beh.exe.sim\libPortability.dll".
Compiled 7 VHDL Units
Built simulation executable E:/Nueva carpeta/Adder4bLogic/Adder4bLogig_tb_isim_beh.exe
Fuse Memory Usage: 30060 KB
Fuse CPU Usage: 280 ms
