Command line:
   Sub4bLogic_tb_isim_beh.exe
     -simmode  gui
     -simrunnum  0
     -socket  53968

Thu May 11 13:40:42 2023


 Elaboration Time: 0.046875 sec

 Current Memory Usage: 5151.96 Meg

 Total Signals          : 35
 Total Nets             : 22
 Total Signal Drivers   : 11
 Total Blocks           : 7
 Total Primitive Blocks : 5
 Total Processes        : 10
 Total Traceable Variables  : 8
 Total Scalar Nets and Variables : 382
Total Line Count : 23
Total Line Count : 23

 Total Simulation Time: 0.046875 sec

 Current Memory Usage: 4680.1 Meg

Thu May 11 13:43:54 2023

