Running: C:\Xilinx\14.7\ISE_DS\ISE\bin\nt64\unwrapped\fuse.exe -intstyle ise -incremental -o D:/Labs digital 1/MUX/Mux_tb_isim_beh.exe -prj D:/Labs digital 1/MUX/Mux_tb_beh.prj work.Mux_tb 
ISim P.20131013 (signature 0x7708f090)
Number of CPUs detected in this system: 4
Turning on mult-threading, number of parallel sub-compilation jobs: 8 
Determining compilation order of HDL files
Parsing VHDL file "D:/Labs digital 1/MUX/Mux4.vhd" into library work
Parsing VHDL file "D:/Labs digital 1/MUX/Mux_tb.vhd" into library work
Starting static elaboration
Completed static elaboration
Compiling package standard
Compiling package std_logic_1164
Compiling architecture behavioral of entity Mux4 [mux4_default]
Compiling architecture behavior of entity mux_tb
Time Resolution for simulation is 1ps.
Waiting for 1 sub-compilation(s) to finish...
WARNING:Simulator - Unable to copy libPortabilityNOSH.dll to the simulation executable directory: boost::filesystem::copy_file: El sistema no puede encontrar la ruta especificada, "isim\Mux_tb_isim_beh.exe.sim\libPortability.dll".
Compiled 5 VHDL Units
Built simulation executable D:/Labs digital 1/MUX/Mux_tb_isim_beh.exe
Fuse Memory Usage: 29452 KB
Fuse CPU Usage: 2483 ms
