Release 14.7 Map P.20131013 (nt64)
Xilinx Mapping Report File for Design 'Mux4'

Design Information
------------------
Command Line   : map -filter "D:/Labs digital 1/MUX/iseconfig/filter.filter"
-intstyle ise -p xc3s100e-cp132-5 -cm area -ir off -pr off -c 100 -o
Mux4_map.ncd Mux4.ngd Mux4.pcf 
Target Device  : xc3s100e
Target Package : cp132
Target Speed   : -5
Mapper Version : spartan3e -- $Revision: 1.55 $
Mapped Date    : Thu Jun 23 13:31:47 2022

Design Summary
--------------
Number of errors   :   1
Number of warnings :   0

Section 1 - Errors
------------------
ERROR:Security:9c - No 'ISE' nor 'WebPack' feature version 2013.10 was available
for part 'xc3s100e'.
ERROR:Map:258 - A problem was encountered attempting to get the license for this
   architecture. 

Section 2 - Warnings
--------------------

Section 3 - Informational
-------------------------
INFO:Security:54 - 'xc3s100e' is a WebPack part.
INFO:Security:7 - A feature for ISE was found but is for the wrong hostid.
INFO:Security:61 - The XILINXD_LICENSE_FILE environment variable is not set.
INFO:Security:63 - The LM_LICENSE_FILE environment variable is not set.
INFO:Security:68 - For more information or for assistance in obtaining 
INFO:Security:68a - user is Joel Gomez, on host DESKTOP-OCETIC9.
