Release 14.7 - xst P.20131013 (nt64)
Copyright (c) 1995-2013 Xilinx, Inc.  All rights reserved.
--> Parameter TMPDIR set to xst/projnav.tmp


Total REAL time to Xst completion: 1.00 secs
Total CPU time to Xst completion: 0.19 secs
 
--> Parameter xsthdpdir set to xst


Total REAL time to Xst completion: 1.00 secs
Total CPU time to Xst completion: 0.19 secs
 
--> Reading design: X7Seg_top.prj

TABLE OF CONTENTS
  1) Synthesis Options Summary
  2) HDL Compilation
  3) Design Hierarchy Analysis
  4) HDL Analysis
  5) HDL Synthesis
     5.1) HDL Synthesis Report
  6) Advanced HDL Synthesis
     6.1) Advanced HDL Synthesis Report
  7) Low Level Synthesis
  8) Partition Report
  9) Final Report
	9.1) Device utilization summary
	9.2) Partition Resource Summary
	9.3) TIMING REPORT


=========================================================================
*                      Synthesis Options Summary                        *
=========================================================================
---- Source Parameters
Input File Name                    : "X7Seg_top.prj"
Input Format                       : mixed
Ignore Synthesis Constraint File   : NO

---- Target Parameters
Output File Name                   : "X7Seg_top"
Output Format                      : NGC
Target Device                      : xc3s100e-5-cp132

---- Source Options
Top Module Name                    : X7Seg_top
Automatic FSM Extraction           : YES
FSM Encoding Algorithm             : Auto
Safe Implementation                : No
FSM Style                          : LUT
RAM Extraction                     : Yes
RAM Style                          : Auto
ROM Extraction                     : Yes
Mux Style                          : Auto
Decoder Extraction                 : YES
Priority Encoder Extraction        : Yes
Shift Register Extraction          : YES
Logical Shifter Extraction         : YES
XOR Collapsing                     : YES
ROM Style                          : Auto
Mux Extraction                     : Yes
Resource Sharing                   : YES
Asynchronous To Synchronous        : NO
Multiplier Style                   : Auto
Automatic Register Balancing       : No

---- Target Options
Add IO Buffers                     : YES
Global Maximum Fanout              : 100000
Add Generic Clock Buffer(BUFG)     : 24
Register Duplication               : YES
Slice Packing                      : YES
Optimize Instantiated Primitives   : NO
Use Clock Enable                   : Yes
Use Synchronous Set                : Yes
Use Synchronous Reset              : Yes
Pack IO Registers into IOBs        : Auto
Equivalent register Removal        : YES

---- General Options
Optimization Goal                  : Speed
Optimization Effort                : 1
Keep Hierarchy                     : No
Netlist Hierarchy                  : As_Optimized
RTL Output                         : Yes
Global Optimization                : AllClockNets
Read Cores                         : YES
Write Timing Constraints           : NO
Cross Clock Analysis               : NO
Hierarchy Separator                : /
Bus Delimiter                      : <>
Case Specifier                     : Maintain
Slice Utilization Ratio            : 100
BRAM Utilization Ratio             : 100
Verilog 2001                       : YES
Auto BRAM Packing                  : NO
Slice Utilization Ratio Delta      : 5

=========================================================================


=========================================================================
*                          HDL Compilation                              *
=========================================================================
Compiling vhdl file "D:/Labs digital 1/X7Seg_Top/Adder1b.vhd" in Library work.
Architecture behavioral of Entity adder1b is up to date.
Compiling vhdl file "D:/Labs digital 1/X7Seg_Top/Adder4bLogic.vhd" in Library work.
Architecture behavioral of Entity adder4blogic is up to date.
Compiling vhdl file "D:/Labs digital 1/X7Seg_Top/X7Seg.vhd" in Library work.
Architecture behavioral of Entity x7seg is up to date.
Compiling vhdl file "D:/Labs digital 1/X7Seg_Top/X7Seg_top.vhd" in Library work.
Architecture behavioral of Entity x7seg_top is up to date.

=========================================================================
*                     Design Hierarchy Analysis                         *
=========================================================================
Analyzing hierarchy for entity <X7Seg_top> in library <work> (architecture <behavioral>).

Analyzing hierarchy for entity <Adder4bLogic> in library <work> (architecture <behavioral>).

Analyzing hierarchy for entity <X7Seg> in library <work> (architecture <behavioral>).

Analyzing hierarchy for entity <Adder1b> in library <work> (architecture <behavioral>).


=========================================================================
*                            HDL Analysis                               *
=========================================================================
Analyzing Entity <X7Seg_top> in library <work> (Architecture <behavioral>).
Entity <X7Seg_top> analyzed. Unit <X7Seg_top> generated.

Analyzing Entity <Adder4bLogic> in library <work> (Architecture <behavioral>).
Entity <Adder4bLogic> analyzed. Unit <Adder4bLogic> generated.

Analyzing Entity <Adder1b> in library <work> (Architecture <behavioral>).
Entity <Adder1b> analyzed. Unit <Adder1b> generated.

Analyzing Entity <X7Seg> in library <work> (Architecture <behavioral>).
Entity <X7Seg> analyzed. Unit <X7Seg> generated.


=========================================================================
*                           HDL Synthesis                               *
=========================================================================

Performing bidirectional port resolution...

Synthesizing Unit <X7Seg>.
    Related source file is "D:/Labs digital 1/X7Seg_Top/X7Seg.vhd".
WARNING:Xst:646 - Signal <aen> is assigned but never used. This unconnected signal will be trimmed during the optimization process.
    Found 16x7-bit ROM for signal <a_to_g>.
    Found 20-bit up counter for signal <clkdiv>.
    Found 4-bit 4-to-1 multiplexer for signal <digit>.
    Summary:
	inferred   1 ROM(s).
	inferred   1 Counter(s).
	inferred   4 Multiplexer(s).
Unit <X7Seg> synthesized.


Synthesizing Unit <Adder1b>.
    Related source file is "D:/Labs digital 1/X7Seg_Top/Adder1b.vhd".
    Found 1-bit xor3 for signal <S>.
    Summary:
	inferred   1 Xor(s).
Unit <Adder1b> synthesized.


Synthesizing Unit <Adder4bLogic>.
    Related source file is "D:/Labs digital 1/X7Seg_Top/Adder4bLogic.vhd".
Unit <Adder4bLogic> synthesized.


Synthesizing Unit <X7Seg_top>.
    Related source file is "D:/Labs digital 1/X7Seg_Top/X7Seg_top.vhd".
Unit <X7Seg_top> synthesized.


=========================================================================
HDL Synthesis Report

Macro Statistics
# ROMs                                                 : 1
 16x7-bit ROM                                          : 1
# Counters                                             : 1
 20-bit up counter                                     : 1
# Multiplexers                                         : 1
 4-bit 4-to-1 multiplexer                              : 1
# Xors                                                 : 4
 1-bit xor3                                            : 4

=========================================================================

=========================================================================
*                       Advanced HDL Synthesis                          *
=========================================================================


=========================================================================
Advanced HDL Synthesis Report

Macro Statistics
# ROMs                                                 : 1
 16x7-bit ROM                                          : 1
# Counters                                             : 1
 20-bit up counter                                     : 1
# Multiplexers                                         : 1
 4-bit 4-to-1 multiplexer                              : 1
# Xors                                                 : 4
 1-bit xor3                                            : 4

=========================================================================

=========================================================================
*                         Low Level Synthesis                           *
=========================================================================

Optimizing unit <X7Seg_top> ...

Optimizing unit <X7Seg> ...

Mapping all equations...
Building and optimizing final netlist ...
Found area constraint ratio of 100 (+ 5) on block X7Seg_top, actual ratio is 2.

Final Macro Processing ...

=========================================================================
Final Register Report

Macro Statistics
# Registers                                            : 20
 Flip-Flops                                            : 20

=========================================================================

=========================================================================
*                           Partition Report                            *
=========================================================================

Partition Implementation Status
-------------------------------

  No Partitions were found in this design.

-------------------------------

=========================================================================
*                            Final Report                               *
=========================================================================
Final Results
RTL Top Level Output File Name     : X7Seg_top.ngr
Top Level Output File Name         : X7Seg_top
Output Format                      : NGC
Optimization Goal                  : Speed
Keep Hierarchy                     : No

Design Statistics
# IOs                              : 22

Cell Usage :
# BELS                             : 89
#      GND                         : 1
#      INV                         : 1
#      LUT1                        : 19
#      LUT2                        : 7
#      LUT3                        : 7
#      LUT4                        : 10
#      MUXCY                       : 19
#      MUXF5                       : 4
#      VCC                         : 1
#      XORCY                       : 20
# FlipFlops/Latches                : 20
#      FDC                         : 20
# Clock Buffers                    : 1
#      BUFGP                       : 1
# IO Buffers                       : 21
#      IBUF                        : 10
#      OBUF                        : 11
=========================================================================

Device utilization summary:
---------------------------

Selected Device : 3s100ecp132-5 

 Number of Slices:                       23  out of    960     2%  
 Number of Slice Flip Flops:             20  out of   1920     1%  
 Number of 4 input LUTs:                 44  out of   1920     2%  
 Number of IOs:                          22
 Number of bonded IOBs:                  22  out of     83    26%  
 Number of GCLKs:                         1  out of     24     4%  

---------------------------
Partition Resource Summary:
---------------------------

  No Partitions were found in this design.

---------------------------


=========================================================================
TIMING REPORT

NOTE: THESE TIMING NUMBERS ARE ONLY A SYNTHESIS ESTIMATE.
      FOR ACCURATE TIMING INFORMATION PLEASE REFER TO THE TRACE REPORT
      GENERATED AFTER PLACE-and-ROUTE.

Clock Information:
------------------
-----------------------------------+------------------------+-------+
Clock Signal                       | Clock buffer(FF name)  | Load  |
-----------------------------------+------------------------+-------+
mclk                               | BUFGP                  | 20    |
-----------------------------------+------------------------+-------+

Asynchronous Control Signals Information:
----------------------------------------
-----------------------------------+------------------------+-------+
Control Signal                     | Buffer(FF name)        | Load  |
-----------------------------------+------------------------+-------+
clr                                | IBUF                   | 20    |
-----------------------------------+------------------------+-------+

Timing Summary:
---------------
Speed Grade: -5

   Minimum period: 3.882ns (Maximum Frequency: 257.632MHz)
   Minimum input arrival time before clock: No path found
   Maximum output required time after clock: 7.265ns
   Maximum combinational path delay: 11.673ns

Timing Detail:
--------------
All values displayed in nanoseconds (ns)

=========================================================================
Timing constraint: Default period analysis for Clock 'mclk'
  Clock period: 3.882ns (frequency: 257.632MHz)
  Total number of paths / destination ports: 210 / 20
-------------------------------------------------------------------------
Delay:               3.882ns (Levels of Logic = 20)
  Source:            U6/clkdiv_1 (FF)
  Destination:       U6/clkdiv_19 (FF)
  Source Clock:      mclk rising
  Destination Clock: mclk rising

  Data Path: U6/clkdiv_1 to U6/clkdiv_19
                                Gate     Net
    Cell:in->out      fanout   Delay   Delay  Logical Name (Net Name)
    ----------------------------------------  ------------
     FDC:C->Q              1   0.514   0.509  U6/clkdiv_1 (U6/clkdiv_1)
     LUT1:I0->O            1   0.612   0.000  U6/Mcount_clkdiv_cy<1>_rt (U6/Mcount_clkdiv_cy<1>_rt)
     MUXCY:S->O            1   0.404   0.000  U6/Mcount_clkdiv_cy<1> (U6/Mcount_clkdiv_cy<1>)
     MUXCY:CI->O           1   0.051   0.000  U6/Mcount_clkdiv_cy<2> (U6/Mcount_clkdiv_cy<2>)
     MUXCY:CI->O           1   0.051   0.000  U6/Mcount_clkdiv_cy<3> (U6/Mcount_clkdiv_cy<3>)
     MUXCY:CI->O           1   0.051   0.000  U6/Mcount_clkdiv_cy<4> (U6/Mcount_clkdiv_cy<4>)
     MUXCY:CI->O           1   0.051   0.000  U6/Mcount_clkdiv_cy<5> (U6/Mcount_clkdiv_cy<5>)
     MUXCY:CI->O           1   0.051   0.000  U6/Mcount_clkdiv_cy<6> (U6/Mcount_clkdiv_cy<6>)
     MUXCY:CI->O           1   0.051   0.000  U6/Mcount_clkdiv_cy<7> (U6/Mcount_clkdiv_cy<7>)
     MUXCY:CI->O           1   0.051   0.000  U6/Mcount_clkdiv_cy<8> (U6/Mcount_clkdiv_cy<8>)
     MUXCY:CI->O           1   0.051   0.000  U6/Mcount_clkdiv_cy<9> (U6/Mcount_clkdiv_cy<9>)
     MUXCY:CI->O           1   0.051   0.000  U6/Mcount_clkdiv_cy<10> (U6/Mcount_clkdiv_cy<10>)
     MUXCY:CI->O           1   0.051   0.000  U6/Mcount_clkdiv_cy<11> (U6/Mcount_clkdiv_cy<11>)
     MUXCY:CI->O           1   0.051   0.000  U6/Mcount_clkdiv_cy<12> (U6/Mcount_clkdiv_cy<12>)
     MUXCY:CI->O           1   0.051   0.000  U6/Mcount_clkdiv_cy<13> (U6/Mcount_clkdiv_cy<13>)
     MUXCY:CI->O           1   0.051   0.000  U6/Mcount_clkdiv_cy<14> (U6/Mcount_clkdiv_cy<14>)
     MUXCY:CI->O           1   0.051   0.000  U6/Mcount_clkdiv_cy<15> (U6/Mcount_clkdiv_cy<15>)
     MUXCY:CI->O           1   0.051   0.000  U6/Mcount_clkdiv_cy<16> (U6/Mcount_clkdiv_cy<16>)
     MUXCY:CI->O           1   0.051   0.000  U6/Mcount_clkdiv_cy<17> (U6/Mcount_clkdiv_cy<17>)
     MUXCY:CI->O           0   0.051   0.000  U6/Mcount_clkdiv_cy<18> (U6/Mcount_clkdiv_cy<18>)
     XORCY:CI->O           1   0.699   0.000  U6/Mcount_clkdiv_xor<19> (U6/Result<19>)
     FDC:D                     0.268          U6/clkdiv_19
    ----------------------------------------
    Total                      3.882ns (3.373ns logic, 0.509ns route)
                                       (86.9% logic, 13.1% route)

=========================================================================
Timing constraint: Default OFFSET OUT AFTER for Clock 'mclk'
  Total number of paths / destination ports: 92 / 11
-------------------------------------------------------------------------
Offset:              7.265ns (Levels of Logic = 4)
  Source:            U6/clkdiv_19 (FF)
  Destination:       a_to_g<4> (PAD)
  Source Clock:      mclk rising

  Data Path: U6/clkdiv_19 to a_to_g<4>
                                Gate     Net
    Cell:in->out      fanout   Delay   Delay  Logical Name (Net Name)
    ----------------------------------------  ------------
     FDC:C->Q             12   0.514   0.969  U6/clkdiv_19 (U6/clkdiv_19)
     LUT2:I0->O            1   0.612   0.000  U6/Mmux_digit2_G (N18)
     MUXF5:I1->O           7   0.278   0.754  U6/Mmux_digit2 (U6/digit<1>)
     LUT4:I0->O            1   0.612   0.357  U6/Mrom_a_to_g41 (a_to_g_4_OBUF)
     OBUF:I->O                 3.169          a_to_g_4_OBUF (a_to_g<4>)
    ----------------------------------------
    Total                      7.265ns (5.185ns logic, 2.080ns route)
                                       (71.4% logic, 28.6% route)

=========================================================================
Timing constraint: Default path analysis
  Total number of paths / destination ports: 266 / 7
-------------------------------------------------------------------------
Delay:               11.673ns (Levels of Logic = 9)
  Source:            B<0> (PAD)
  Destination:       a_to_g<6> (PAD)

  Data Path: B<0> to a_to_g<6>
                                Gate     Net
    Cell:in->out      fanout   Delay   Delay  Logical Name (Net Name)
    ----------------------------------------  ------------
     IBUF:I->O             3   1.106   0.603  B_0_IBUF (B_0_IBUF)
     LUT3:I0->O            2   0.612   0.449  U5/U1/Cout1 (U5/c1)
     LUT3:I1->O            2   0.612   0.449  U5/U2/Cout1 (U5/c2)
     LUT3:I1->O            2   0.612   0.449  U5/U3/Cout1 (U5/c3)
     LUT3:I1->O            1   0.612   0.387  U5/U4/Cout1 (Cout)
     LUT3:I2->O            1   0.612   0.000  U6/Mmux_digit_4 (U6/Mmux_digit_4)
     MUXF5:I0->O           7   0.278   0.754  U6/Mmux_digit_2_f5 (U6/digit<0>)
     LUT4:I0->O            1   0.612   0.357  U6/Mrom_a_to_g111 (a_to_g_1_OBUF)
     OBUF:I->O                 3.169          a_to_g_1_OBUF (a_to_g<1>)
    ----------------------------------------
    Total                     11.673ns (8.225ns logic, 3.448ns route)
                                       (70.5% logic, 29.5% route)

=========================================================================


Total REAL time to Xst completion: 9.00 secs
Total CPU time to Xst completion: 8.30 secs
 
--> 

Total memory usage is 4521428 kilobytes

Number of errors   :    0 (   0 filtered)
Number of warnings :    1 (   0 filtered)
Number of infos    :    0 (   0 filtered)

